<?xml version="1.0" encoding="UTF-8"?>
<testsuite name="calendar.Appt_ESTest" time="0.206" tests="62" errors="0" skipped="0" failures="0">
  <properties>
[...]
</properties>
  <testcase name="test00" classname="calendar.Appt_ESTest" time="0.021"/>
  <testcase name="test44" classname="calendar.Appt_ESTest" time="0.004"/>
  <testcase name="test01" classname="calendar.Appt_ESTest" time="0.012"/>
  <testcase name="test45" classname="calendar.Appt_ESTest" time="0.004"/>
  <testcase name="test42" classname="calendar.Appt_ESTest" time="0.002"/>
  <testcase name="test43" classname="calendar.Appt_ESTest" time="0.003"/>
  <testcase name="test04" classname="calendar.Appt_ESTest" time="0.002"/>
  <testcase name="test48" classname="calendar.Appt_ESTest" time="0.004"/>
  <testcase name="test05" classname="calendar.Appt_ESTest" time="0.003"/>
  <testcase name="test49" classname="calendar.Appt_ESTest" time="0.002"/>
  <testcase name="test02" classname="calendar.Appt_ESTest" time="0.005"/>
  <testcase name="test46" classname="calendar.Appt_ESTest" time="0.002"/>
  <testcase name="test03" classname="calendar.Appt_ESTest" time="0.002"/>
  <testcase name="test47" classname="calendar.Appt_ESTest" time="0.003"/>
  <testcase name="test08" classname="calendar.Appt_ESTest" time="0.006"/>
  <testcase name="test09" classname="calendar.Appt_ESTest" time="0.005"/>
  <testcase name="test06" classname="calendar.Appt_ESTest" time="0.005"/>
  <testcase name="test07" classname="calendar.Appt_ESTest" time="0.005"/>
  <testcase name="test40" classname="calendar.Appt_ESTest" time="0.002"/>
  <testcase name="test41" classname="calendar.Appt_ESTest" time="0.002"/>
  <testcase name="test11" classname="calendar.Appt_ESTest" time="0.002"/>
  <testcase name="test55" classname="calendar.Appt_ESTest" time="0.006"/>
  <testcase name="test12" classname="calendar.Appt_ESTest" time="0.005"/>
  <testcase name="test56" classname="calendar.Appt_ESTest" time="0.003"/>
  <testcase name="test53" classname="calendar.Appt_ESTest" time="0.004"/>
  <testcase name="test10" classname="calendar.Appt_ESTest" time="0.009"/>
  <testcase name="test54" classname="calendar.Appt_ESTest" time="0.001"/>
  <testcase name="test15" classname="calendar.Appt_ESTest" time="0.002"/>
  <testcase name="test59" classname="calendar.Appt_ESTest" time="0.002"/>
  <testcase name="test16" classname="calendar.Appt_ESTest" time="0.005"/>
  <testcase name="test13" classname="calendar.Appt_ESTest" time="0.003"/>
  <testcase name="test57" classname="calendar.Appt_ESTest" time="0.002"/>
  <testcase name="test14" classname="calendar.Appt_ESTest" time="0.002"/>
  <testcase name="test58" classname="calendar.Appt_ESTest" time="0.002"/>
  <testcase name="test19" classname="calendar.Appt_ESTest" time="0.002"/>
  <testcase name="test17" classname="calendar.Appt_ESTest" time="0.002"/>
  <testcase name="test18" classname="calendar.Appt_ESTest" time="0.002"/>
  <testcase name="test51" classname="calendar.Appt_ESTest" time="0.002"/>
  <testcase name="test52" classname="calendar.Appt_ESTest" time="0.004"/>
  <testcase name="test50" classname="calendar.Appt_ESTest" time="0.002"/>
  <testcase name="test22" classname="calendar.Appt_ESTest" time="0.001"/>
  <testcase name="test23" classname="calendar.Appt_ESTest" time="0.002"/>
  <testcase name="test20" classname="calendar.Appt_ESTest" time="0.001"/>
  <testcase name="test21" classname="calendar.Appt_ESTest" time="0.001"/>
  <testcase name="test26" classname="calendar.Appt_ESTest" time="0.002"/>
  <testcase name="test27" classname="calendar.Appt_ESTest" time="0.002"/>
  <testcase name="test24" classname="calendar.Appt_ESTest" time="0.001"/>
  <testcase name="test25" classname="calendar.Appt_ESTest" time="0.002"/>
  <testcase name="test28" classname="calendar.Appt_ESTest" time="0.002"/>
  <testcase name="test29" classname="calendar.Appt_ESTest" time="0.002"/>
  <testcase name="test60" classname="calendar.Appt_ESTest" time="0.003"/>
  <testcase name="test61" classname="calendar.Appt_ESTest" time="0.002"/>
  <testcase name="test33" classname="calendar.Appt_ESTest" time="0.002"/>
  <testcase name="test34" classname="calendar.Appt_ESTest" time="0.002"/>
  <testcase name="test31" classname="calendar.Appt_ESTest" time="0.002"/>
  <testcase name="test32" classname="calendar.Appt_ESTest" time="0.002"/>
  <testcase name="test37" classname="calendar.Appt_ESTest" time="0.002"/>
  <testcase name="test38" classname="calendar.Appt_ESTest" time="0.006"/>
  <testcase name="test35" classname="calendar.Appt_ESTest" time="0.003"/>
  <testcase name="test36" classname="calendar.Appt_ESTest" time="0.002"/>
  <testcase name="test39" classname="calendar.Appt_ESTest" time="0.004"/>
  <testcase name="test30" classname="calendar.Appt_ESTest" time="0.004"/>
</testsuite>